<?xml version="1.0" encoding="UTF-8" ?>
<testsuite errors="0" failures="2" hostname="IBM412-R90K0JAR" name="SeleniumJunit.JunitSuiteRunner" skipped="0" tests="7" time="0.079" timestamp="2018-02-27T20:08:50">
  <properties>
[...]
</properties>
  <testcase classname="SeleniumJunit.Testing" name="test1" time="0.002" />
  <testcase classname="SeleniumJunit.Testing" name="test2" time="0.0" />
  <testcase classname="SeleniumJunit.Testing" name="test3" time="0.0" />
  <testcase classname="SeleniumJunit.Testing2" name="test4" time="0.0" />
  <testcase classname="SeleniumJunit.Testing2" name="test5" time="0.0" />
  <testcase classname="SeleniumJunit.Testing3" name="test6" time="0.004">
    <failure type="junit.framework.AssertionFailedError">junit.framework.AssertionFailedError
	at SeleniumJunit.Testing3.test6(Testing3.java:27)
</failure>
  </testcase>
  <testcase classname="SeleniumJunit.Testing3" name="test7" time="0.002">
    <failure message="expected:&lt;[abc]&gt; but was:&lt;[xyz]&gt;" type="junit.framework.AssertionFailedError">junit.framework.AssertionFailedError: expected:&lt;[abc]&gt; but was:&lt;[xyz]&gt;
	at SeleniumJunit.Testing3.test7(Testing3.java:42)
</failure>
  </testcase>
  <system-out><![CDATA[I am before class
I am before 
I am test1
I am after
I am before 
I am test2
I am after
I am before 
I am test2
I am after
I am after class
I am test 4
I am test 5
I am before assert
I am after assert
I am in catch of test 6
I am 2nd assert of test 6
I am before assert
I am in catch of test 7
I am after assert
I am 2nd assert of test 7 
]]></system-out>
  <system-err><![CDATA[]]></system-err>
</testsuite>
